<?xml version="1.0" encoding="UTF-8"?>
<!-- Generated by org.testng.reporters.JUnitReportReporter -->
<testsuite hostname="CSCUSLNAH014094" name="com.bhs.scripts.employeeportal.TestClass" tests="1" failures="0" timestamp="13 Mar 2014 15:09:13 GMT" time="102.767" errors="0">
  <testcase name="TestClass_Test" time="102.767" classname="com.bhs.scripts.employeeportal.TestClass"/>
</testsuite> <!-- com.bhs.scripts.employeeportal.TestClass -->
