<?xml version="1.0" encoding="UTF-8"?>
<!-- Generated by org.testng.reporters.JUnitReportReporter -->
<testsuite hostname="CSCUSLNAH014094" name="com.bhs.scripts.employeeportal.EP_Provider_Tests" tests="2" failures="0" timestamp="13 Mar 2014 19:31:01 GMT" time="128.083" errors="0">
  <testcase name="EP_ProviderStandardSearchTest" time="59.243" classname="com.bhs.scripts.employeeportal.EP_Provider_Tests"/>
  <testcase name="EP_ProviderSubmitNomination" time="68.840" classname="com.bhs.scripts.employeeportal.EP_Provider_Tests"/>
</testsuite> <!-- com.bhs.scripts.employeeportal.EP_Provider_Tests -->
