<?xml version="1.0" encoding="UTF-8"?>
<!-- Generated by org.testng.reporters.JUnitReportReporter -->
<testsuite hostname="CSCUSLNAH014094" name="com.bhs.scripts.employeeportal.EP_SignUp_Tests" tests="8" failures="0" timestamp="13 Mar 2014 19:31:01 GMT" time="316.390" errors="0">
  <testcase name="EP_SignUpAgreementPolicy" time="24.903" classname="com.bhs.scripts.employeeportal.EP_SignUp_Tests"/>
  <testcase name="EP_SignUpPageTest" time="13.550" classname="com.bhs.scripts.employeeportal.EP_SignUp_Tests"/>
  <testcase name="EP_SignUpUserSubmitPolicyTest" time="16.146" classname="com.bhs.scripts.employeeportal.EP_SignUp_Tests"/>
  <testcase name="EP_SignUpSuccessfulSignUp" time="55.377" classname="com.bhs.scripts.employeeportal.EP_SignUp_Tests"/>
  <testcase name="EP_SignUpUserUpdateEmpProfile" time="68.618" classname="com.bhs.scripts.employeeportal.EP_SignUp_Tests"/>
  <testcase name="EP_SignInSuccessfullogin" time="43.111" classname="com.bhs.scripts.employeeportal.EP_SignUp_Tests"/>
  <testcase name="EP_UpdateEmpProfile" time="72.343" classname="com.bhs.scripts.employeeportal.EP_SignUp_Tests"/>
  <testcase name="EP_SignUpPolicyPageTest" time="22.342" classname="com.bhs.scripts.employeeportal.EP_SignUp_Tests"/>
</testsuite> <!-- com.bhs.scripts.employeeportal.EP_SignUp_Tests -->
