<?xml version="1.0" encoding="UTF-8"?>
<!-- Generated by org.testng.reporters.JUnitReportReporter -->
<testsuite hostname="CSCINDAF026321" name="com.bhs.scripts.employeeportal.EP_Copay_Reg_Tests" tests="2" failures="0" timestamp="31 Jul 2014 12:00:42 GMT" time="0.004" errors="0">
  <testcase name="EP_AddCRAndDoCBReservation" time="0.004" classname="com.bhs.scripts.employeeportal.EP_Copay_Reg_Tests"/>
  <testcase name="EP_AddCRAndDoCBReservation" time="0.000" classname="com.bhs.scripts.employeeportal.EP_Copay_Reg_Tests"/>
</testsuite> <!-- com.bhs.scripts.employeeportal.EP_Copay_Reg_Tests -->
