<?xml version="1.0" encoding="UTF-8"?>
<!-- Generated by org.testng.reporters.JUnitReportReporter -->
<testsuite hostname="CSCUSLNAH014094" name="com.scripts.EP_Login_Logout" tests="1" failures="0" timestamp="20 Feb 2014 19:05:45 GMT" time="10.442" errors="0">
  <testcase name="EP_Login_Logout_Test" time="10.442" classname="com.scripts.EP_Login_Logout"/>
</testsuite> <!-- com.scripts.EP_Login_Logout -->
