<?xml version="1.0" encoding="UTF-8"?>
<!-- Generated by org.testng.reporters.JUnitReportReporter -->
<testsuite hostname="CSCINDAF026321" name="com.scripts.EP_CBReservation" tests="1" failures="0" timestamp="25 Feb 2014 14:27:25 GMT" time="106.297" errors="0">
  <testcase name="EP_CBReservationTest" time="106.297" classname="com.scripts.EP_CBReservation"/>
</testsuite> <!-- com.scripts.EP_CBReservation -->
