<?xml version="1.0" encoding="UTF-8"?>
<!-- Generated by org.testng.reporters.JUnitReportReporter -->
<testsuite hostname="CSCUSLNAH014094" name="com.scripts.VerifyLinks" tests="1" failures="0" timestamp="14 Feb 2014 15:56:26 GMT" time="24.543" errors="0">
  <testcase name="VerifyLinksTest" time="24.543" classname="com.scripts.VerifyLinks"/>
</testsuite> <!-- com.scripts.VerifyLinks -->
