<?xml version="1.0" encoding="UTF-8"?>
<!-- Generated by org.testng.reporters.JUnitReportReporter -->
<testsuite hostname="CSCUSLNAH014094" name="com.scripts.EP_SignUpAndCareProfile" tests="1" failures="0" timestamp="14 Feb 2014 15:03:27 GMT" time="31.490" errors="0">
  <testcase name="EP_CCReservationTest" time="31.490" classname="com.scripts.EP_SignUpAndCareProfile"/>
</testsuite> <!-- com.scripts.EP_SignUpAndCareProfile -->
