<?xml version="1.0" encoding="UTF-8"?>
<!-- Generated by org.testng.reporters.JUnitReportReporter -->
<testsuite hostname="CSCUSLNAH014094" name="com.bhs.scripts.employeeportal.EP_SignUp" tests="1" failures="0" timestamp="11 Mar 2014 17:48:59 GMT" time="120.392" errors="0">
  <testcase name="EP_SignUpTest" time="120.392" classname="com.bhs.scripts.employeeportal.EP_SignUp"/>
</testsuite> <!-- com.bhs.scripts.employeeportal.EP_SignUp -->
