<?xml version="1.0" encoding="UTF-8"?>
<!-- Generated by org.testng.reporters.JUnitReportReporter -->
<testsuite hostname="CSCUSLNAH014094" name="com.scripts.EP_CareProfile" tests="1" failures="0" timestamp="14 Feb 2014 16:54:07 GMT" time="26.030" errors="0">
  <testcase name="EP_CareProfileTest" time="26.030" classname="com.scripts.EP_CareProfile"/>
</testsuite> <!-- com.scripts.EP_CareProfile -->
