<?xml version="1.0" encoding="UTF-8"?>
<!-- Generated by org.testng.reporters.JUnitReportReporter -->
<testsuite hostname="PragnaBhargav" name="com.bhs.com.bhs.util.NewTest" tests="2" failures="0" timestamp="18 Apr 2016 13:38:59 GMT" time="0.016" errors="0">
  <testcase name="f" time="0.002" classname="com.bhs.com.bhs.util.NewTest"/>
  <testcase name="f" time="0.014" classname="com.bhs.com.bhs.util.NewTest"/>
</testsuite> <!-- com.bhs.com.bhs.util.NewTest -->
