<?xml version="1.0" encoding="UTF-8"?>
<!-- Generated by org.testng.reporters.JUnitReportReporter -->
<testsuite hostname="CSCUSLNAH014094" name="com.bhs.scripts.carecenterportal.CCP_SetUp_TearDown" tests="1" failures="0" timestamp="3 Mar 2014 20:51:44 GMT" time="0.010" errors="0">
  <testcase name="CCP_Launch_Test" time="0.010" classname="com.bhs.scripts.carecenterportal.CCP_SetUp_TearDown"/>
</testsuite> <!-- com.bhs.scripts.carecenterportal.CCP_SetUp_TearDown -->
