<?xml version="1.0" encoding="UTF-8"?>
<!-- Generated by org.testng.reporters.JUnitReportReporter -->
<testsuite hostname="CSCUSLNAH014094" name="com.bhs.scripts.employeeportal.EP_SetUp_TearDown" tests="1" failures="0" timestamp="4 Mar 2014 19:12:01 GMT" time="8.730" errors="0">
  <testcase name="EP_Launch_Test" time="8.730" classname="com.bhs.scripts.employeeportal.EP_SetUp_TearDown"/>
</testsuite> <!-- com.bhs.scripts.employeeportal.EP_SetUp_TearDown -->
