<?xml version="1.0" encoding="UTF-8"?>
<!-- Generated by org.testng.reporters.JUnitReportReporter -->
<testsuite hostname="PragnaBhargav" name="com.training.Training" tests="1" failures="0" timestamp="13 Feb 2016 17:54:50 GMT" time="93.404" errors="0">
  <testcase name="loginToGoogle" time="93.404" classname="com.training.Training"/>
</testsuite> <!-- com.training.Training -->
