<?xml version="1.0" encoding="UTF-8"?>
<!-- Generated by org.testng.reporters.JUnitReportReporter -->
<testsuite hostname="CSCUSLNAH014094" name="com.bhs.scripts.carecenterportal.CCP_Sanity" tests="1" failures="0" timestamp="13 Mar 2014 02:00:58 GMT" time="94.713" errors="0">
  <testcase name="CCP_Sanity_test" time="94.713" classname="com.bhs.scripts.carecenterportal.CCP_Sanity"/>
</testsuite> <!-- com.bhs.scripts.carecenterportal.CCP_Sanity -->
