<?xml version="1.0" encoding="UTF-8"?>
<!-- Generated by org.testng.reporters.JUnitReportReporter -->
<testsuite hostname="CSCUSLNAH014094" name="com.scripts.EP_SignUp" tests="1" failures="0" timestamp="20 Feb 2014 19:05:45 GMT" time="108.423" errors="0">
  <testcase name="EP_SignUpTest" time="108.423" classname="com.scripts.EP_SignUp"/>
</testsuite> <!-- com.scripts.EP_SignUp -->
