<?xml version="1.0" encoding="UTF-8"?>
<!-- Generated by org.testng.reporters.JUnitReportReporter -->
<testsuite hostname="CSCINDAF026321" name="com.bhs.util.GridWithWebdriver" tests="1" failures="0" timestamp="5 Aug 2014 07:52:06 GMT" time="12.262" errors="0">
  <testcase name="uploadDocs" time="12.262" classname="com.bhs.util.GridWithWebdriver"/>
</testsuite> <!-- com.bhs.util.GridWithWebdriver -->
